<?xml version="1.0" encoding="UTF-8"?>
<!-- Generated by org.testng.reporters.JUnitReportReporter -->
<testsuite hostname="LAPTOP-IKVQ7UU8" failures="0" tests="1" name="testscripts.LoginTest" time="10.552" errors="0" timestamp="2023-07-28T10:00:05 IST" skipped="0">
  <testcase classname="testscripts.LoginTest" name="tc1" time="10.552"/>
  <system-out/>
</testsuite> <!-- testscripts.LoginTest -->
